{
  "0 debug pnpm:scope": {
    "selected": 1
  },
  "1 debug pnpm:package-manifest": {
    "initial": {
      "name": "snakeish-svelte",
      "version": "0.0.1",
      "private": true,
      "scripts": {
        "dev": "vite dev",
        "build": "vite build",
        "preview": "vite preview",
        "check": "svelte-kit sync && svelte-check --tsconfig ./tsconfig.json",
        "check:watch": "svelte-kit sync && svelte-check --tsconfig ./tsconfig.json --watch",
        "lint": "prettier --plugin-search-dir . --check . && eslint .",
        "format": "prettier --plugin-search-dir . --write ."
      },
      "devDependencies": {
        "@sveltejs/adapter-auto": "^1.0.0",
        "@sveltejs/kit": "^1.0.0",
        "@typescript-eslint/eslint-plugin": "^5.45.0",
        "@typescript-eslint/parser": "^5.45.0",
        "eslint": "^8.28.0",
        "eslint-config-prettier": "^8.5.0",
        "eslint-plugin-svelte3": "^4.0.0",
        "prettier": "^2.8.0",
        "prettier-plugin-svelte": "^2.8.1",
        "svelte": "^3.54.0",
        "svelte-check": "^2.9.2",
        "tslib": "^2.4.1",
        "typescript": "^4.9.3",
        "vite": "^4.0.0"
      },
      "type": "module"
    },
    "prefix": "C:\\Projekty\\snakeish-svelte"
  },
  "2 debug pnpm:context": {
    "currentLockfileExists": false,
    "storeDir": "C:\\Users\\oskar\\.pnpm-store\\v3",
    "virtualStoreDir": "C:\\Projekty\\snakeish-svelte\\node_modules\\.pnpm"
  },
  "3 debug pnpm:stage": {
    "prefix": "C:\\Projekty\\snakeish-svelte",
    "stage": "resolution_started"
  },
  "4 debug pnpm:_dependency_resolved": {
    "resolution": "registry.npmjs.org/tslib/2.4.1",
    "wanted": {
      "dependentId": ".",
      "name": "tslib",
      "rawSpec": "^2.4.1"
    }
  },
  "5 debug pnpm:progress": {
    "packageId": "registry.npmjs.org/tslib/2.4.1",
    "requester": "C:\\Projekty\\snakeish-svelte",
    "status": "resolved"
  },
  "6 debug pnpm:_dependency_resolved": {
    "resolution": "registry.npmjs.org/eslint-config-prettier/8.5.0",
    "wanted": {
      "dependentId": ".",
      "name": "eslint-config-prettier",
      "rawSpec": "^8.5.0"
    }
  },
  "7 debug pnpm:progress": {
    "packageId": "registry.npmjs.org/eslint-config-prettier/8.5.0",
    "requester": "C:\\Projekty\\snakeish-svelte",
    "status": "resolved"
  },
  "8 debug pnpm:_dependency_resolved": {
    "resolution": "registry.npmjs.org/prettier/2.8.1",
    "wanted": {
      "dependentId": ".",
      "name": "prettier",
      "rawSpec": "^2.8.0"
    }
  },
  "9 debug pnpm:progress": {
    "packageId": "registry.npmjs.org/prettier/2.8.1",
    "requester": "C:\\Projekty\\snakeish-svelte",
    "status": "resolved"
  },
  "10 debug pnpm:progress": {
    "packageId": "registry.npmjs.org/eslint-config-prettier/8.5.0",
    "requester": "C:\\Projekty\\snakeish-svelte",
    "status": "found_in_store"
  },
  "11 debug pnpm:progress": {
    "packageId": "registry.npmjs.org/tslib/2.4.1",
    "requester": "C:\\Projekty\\snakeish-svelte",
    "status": "found_in_store"
  },
  "12 debug pnpm:_dependency_resolved": {
    "resolution": "registry.npmjs.org/prettier-plugin-svelte/2.9.0",
    "wanted": {
      "dependentId": ".",
      "name": "prettier-plugin-svelte",
      "rawSpec": "^2.8.1"
    }
  },
  "13 debug pnpm:progress": {
    "packageId": "registry.npmjs.org/prettier-plugin-svelte/2.9.0",
    "requester": "C:\\Projekty\\snakeish-svelte",
    "status": "resolved"
  },
  "14 debug pnpm:fetching-progress": {
    "attempt": 1,
    "packageId": "registry.npmjs.org/prettier/2.8.1",
    "size": 2815050,
    "status": "started"
  },
  "15 debug pnpm:fetching-progress": {
    "attempt": 1,
    "packageId": "registry.npmjs.org/prettier-plugin-svelte/2.9.0",
    "size": 52335,
    "status": "started"
  },
  "16 debug pnpm:progress": {
    "packageId": "registry.npmjs.org/prettier-plugin-svelte/2.9.0",
    "requester": "C:\\Projekty\\snakeish-svelte",
    "status": "fetched"
  },
  "17 debug pnpm:_dependency_resolved": {
    "resolution": "registry.npmjs.org/svelte-check/2.10.3",
    "wanted": {
      "dependentId": ".",
      "name": "svelte-check",
      "rawSpec": "^2.9.2"
    }
  },
  "18 debug pnpm:progress": {
    "packageId": "registry.npmjs.org/svelte-check/2.10.3",
    "requester": "C:\\Projekty\\snakeish-svelte",
    "status": "resolved"
  },
  "19 debug pnpm:fetching-progress": {
    "attempt": 1,
    "packageId": "registry.npmjs.org/svelte-check/2.10.3",
    "size": 707860,
    "status": "started"
  },
  "20 debug pnpm:_dependency_resolved": {
    "resolution": "registry.npmjs.org/svelte/3.55.0",
    "wanted": {
      "dependentId": ".",
      "name": "svelte",
      "rawSpec": "^3.54.0"
    }
  },
  "21 debug pnpm:progress": {
    "packageId": "registry.npmjs.org/svelte/3.55.0",
    "requester": "C:\\Projekty\\snakeish-svelte",
    "status": "resolved"
  },
  "22 debug pnpm:_dependency_resolved": {
    "resolution": "registry.npmjs.org/eslint-plugin-svelte3/4.0.0",
    "wanted": {
      "dependentId": ".",
      "name": "eslint-plugin-svelte3",
      "rawSpec": "^4.0.0"
    }
  },
  "23 debug pnpm:progress": {
    "packageId": "registry.npmjs.org/eslint-plugin-svelte3/4.0.0",
    "requester": "C:\\Projekty\\snakeish-svelte",
    "status": "resolved"
  },
  "24 debug pnpm:progress": {
    "packageId": "registry.npmjs.org/eslint-plugin-svelte3/4.0.0",
    "requester": "C:\\Projekty\\snakeish-svelte",
    "status": "found_in_store"
  },
  "25 debug pnpm:fetching-progress": {
    "attempt": 1,
    "packageId": "registry.npmjs.org/svelte/3.55.0",
    "size": 1776077,
    "status": "started"
  },
  "26 debug pnpm:_dependency_resolved": {
    "resolution": "registry.npmjs.org/@sveltejs/adapter-auto/1.0.0",
    "wanted": {
      "dependentId": ".",
      "name": "@sveltejs/adapter-auto",
      "rawSpec": "^1.0.0"
    }
  },
  "27 debug pnpm:progress": {
    "packageId": "registry.npmjs.org/@sveltejs/adapter-auto/1.0.0",
    "requester": "C:\\Projekty\\snakeish-svelte",
    "status": "resolved"
  },
  "28 debug pnpm:progress": {
    "packageId": "registry.npmjs.org/svelte-check/2.10.3",
    "requester": "C:\\Projekty\\snakeish-svelte",
    "status": "fetched"
  },
  "29 debug pnpm:_dependency_resolved": {
    "resolution": "registry.npmjs.org/eslint/8.30.0",
    "wanted": {
      "dependentId": ".",
      "name": "eslint",
      "rawSpec": "^8.28.0"
    }
  },
  "30 debug pnpm:progress": {
    "packageId": "registry.npmjs.org/eslint/8.30.0",
    "requester": "C:\\Projekty\\snakeish-svelte",
    "status": "resolved"
  },
  "31 debug pnpm:_dependency_resolved": {
    "resolution": "registry.npmjs.org/vite/4.0.3",
    "wanted": {
      "dependentId": ".",
      "name": "vite",
      "rawSpec": "^4.0.0"
    }
  },
  "32 debug pnpm:progress": {
    "packageId": "registry.npmjs.org/vite/4.0.3",
    "requester": "C:\\Projekty\\snakeish-svelte",
    "status": "resolved"
  },
  "33 debug pnpm:fetching-progress": {
    "attempt": 1,
    "packageId": "registry.npmjs.org/@sveltejs/adapter-auto/1.0.0",
    "size": 3237,
    "status": "started"
  },
  "34 debug pnpm:fetching-progress": {
    "attempt": 1,
    "packageId": "registry.npmjs.org/eslint/8.30.0",
    "size": 528594,
    "status": "started"
  },
  "35 debug pnpm:fetching-progress": {
    "attempt": 1,
    "packageId": "registry.npmjs.org/vite/4.0.3",
    "size": 730884,
    "status": "started"
  },
  "36 debug pnpm:progress": {
    "packageId": "registry.npmjs.org/@sveltejs/adapter-auto/1.0.0",
    "requester": "C:\\Projekty\\snakeish-svelte",
    "status": "fetched"
  },
  "37 debug pnpm:_dependency_resolved": {
    "resolution": "registry.npmjs.org/@sveltejs/kit/1.0.1",
    "wanted": {
      "dependentId": ".",
      "name": "@sveltejs/kit",
      "rawSpec": "^1.0.0"
    }
  },
  "38 warn pnpm:install-check": {
    "message": "Unsupported engine for registry.npmjs.org/@sveltejs/kit/1.0.1: wanted: {\"node\":\"^16.14 || >=18\"} (current: {\"node\":\"v16.13.1\",\"pnpm\":\"6.11.0\"})",
    "prefix": "C:\\Projekty\\snakeish-svelte"
  },
  "39 error pnpm": {
    "code": "ERR_PNPM_UNSUPPORTED_ENGINE",
    "packageId": "registry.npmjs.org/@sveltejs/kit/1.0.1",
    "wanted": {
      "node": "^16.14 || >=18"
    },
    "current": {
      "node": "v16.13.1",
      "pnpm": "6.11.0"
    },
    "err": {
      "name": "Error",
      "message": "Unsupported engine for registry.npmjs.org/@sveltejs/kit/1.0.1: wanted: {\"node\":\"^16.14 || >=18\"} (current: {\"node\":\"v16.13.1\",\"pnpm\":\"6.11.0\"})",
      "code": "ERR_PNPM_UNSUPPORTED_ENGINE",
      "stack": "Error: Unsupported engine for registry.npmjs.org/@sveltejs/kit/1.0.1: wanted: {\"node\":\"^16.14 || >=18\"} (current: {\"node\":\"v16.13.1\",\"pnpm\":\"6.11.0\"})\n    at Object.checkEngine [as default] (C:\\Users\\oskar\\.node\\corepack\\pnpm\\6.11.0\\dist\\pnpm.cjs:35213:16)\n    at checkPackage (C:\\Users\\oskar\\.node\\corepack\\pnpm\\6.11.0\\dist\\pnpm.cjs:35357:99)\n    at Object.packageIsInstallable [as default] (C:\\Users\\oskar\\.node\\corepack\\pnpm\\6.11.0\\dist\\pnpm.cjs:35327:20)\n    at resolveDependency (C:\\Users\\oskar\\.node\\corepack\\pnpm\\6.11.0\\dist\\pnpm.cjs:110715:81)\n    at runMicrotasks (<anonymous>)\n    at processTicksAndRejections (node:internal/process/task_queues:96:5)\n    at async resolveDependenciesOfDependency (C:\\Users\\oskar\\.node\\corepack\\pnpm\\6.11.0\\dist\\pnpm.cjs:110452:39)\n    at async Promise.all (index 1)\n    at async Object.resolveDependencies [as default] (C:\\Users\\oskar\\.node\\corepack\\pnpm\\6.11.0\\dist\\pnpm.cjs:110422:29)\n    at async C:\\Users\\oskar\\.node\\corepack\\pnpm\\6.11.0\\dist\\pnpm.cjs:110937:47"
    }
  }
}